<?xml version="1.0" encoding="UTF-8"?>
<!-- Generated by org.testng.reporters.JUnitXMLReporter -->
<testsuite ignored="0" hostname="DESKTOP-O8HFBAS" failures="0" tests="1" name="GumtreeTest" time="11.722" errors="0" timestamp="2024-12-27T18:41:30 JST">
  <testcase classname="Test.BaseTest" name="@BeforeMethod openBrowser" time="11.649">
    <failure type="java.lang.AssertionError" message="expected [(#5CE00B)] but found [rgba(92, 224, 11, 1)]">
      <![CDATA[java.lang.AssertionError: expected [(#5CE00B)] but found [rgba(92, 224, 11, 1)]
at Test.BaseTest.openBrowser(BaseTest.java:50)
at java.base/java.util.ArrayList.forEach(ArrayList.java:1596)
at com.intellij.rt.testng.IDEARemoteTestNG.run(IDEARemoteTestNG.java:66)
at com.intellij.rt.testng.RemoteTestNGStarter.main(RemoteTestNGStarter.java:105)
... Removed 32 stack frames]]>
    </failure>
  </testcase> <!-- @BeforeMethod openBrowser -->
  <testcase classname="Test.GumtreeSearchTest" name="openweb" time="0.0">
    <skipped/>
  </testcase> <!-- openweb -->
</testsuite> <!-- GumtreeTest -->
